<?xml version="1.0" encoding="UTF-8"?>
<!-- Generated by org.testng.reporters.JUnitReportReporter -->
<testsuite hostname="DESKTOP-5HC9H94" failures="0" tests="1" name="Myntraautomation.LoginTest" time="1156.725" errors="0" timestamp="2024-08-04T19:12:15 IST" skipped="0">
  <testcase classname="Myntraautomation.LoginTest" name="user_enters_username_and_password" time="1156.725"/>
  <system-out/>
</testsuite> <!-- Myntraautomation.LoginTest -->
